<?xml version="1.0" encoding="UTF-8"?>
<testsuite name="org.hyperskill.tests.stopwatch.Stage4UnitTest" tests="7" skipped="0" failures="0" errors="0" timestamp="2026-08-14T08:26:31" hostname="Andress-MacBook-Air.local" time="0.385">
  <properties/>
  <testcase name="test1_ShouldCheckSettingsButtonExist" classname="org.hyperskill.tests.stopwatch.Stage4UnitTest" time="0.035"/>
  <testcase name="test2_ShouldCheckSettingsButtonEnable" classname="org.hyperskill.tests.stopwatch.Stage4UnitTest" time="0.035"/>
  <testcase name="test3_ShouldShowAlertDialogOnSettingsButtonClick" classname="org.hyperskill.tests.stopwatch.Stage4UnitTest" time="0.113"/>
  <testcase name="test4_DialogButtonsShouldContainText" classname="org.hyperskill.tests.stopwatch.Stage4UnitTest" time="0.037"/>
  <testcase name="test5_ShouldCheckLimitIsNotSetOnCancel" classname="org.hyperskill.tests.stopwatch.Stage4UnitTest" time="0.06"/>
  <testcase name="test6_ShouldCheckLimitIsSetOnOk" classname="org.hyperskill.tests.stopwatch.Stage4UnitTest" time="0.065"/>
  <testcase name="test7_ShouldCheckColorsOnRestart" classname="org.hyperskill.tests.stopwatch.Stage4UnitTest" time="0.04"/>
  <system-out><![CDATA[]]></system-out>
  <system-err><![CDATA[]]></system-err>
</testsuite>
