<?xml version="1.0" encoding="UTF-8"?>
<testsuite name="org.hyperskill.tests.stopwatch.Stage5UnitTest" tests="8" skipped="0" failures="0" errors="0" timestamp="2026-08-14T08:26:31" hostname="Andress-MacBook-Air.local" time="0.3">
  <properties/>
  <testcase name="test01_CheckPermissionRequestedOnStart" classname="org.hyperskill.tests.stopwatch.Stage5UnitTest" time="0.028"/>
  <testcase name="test02_CheckCountdownTimerRunningOnPermissionGranted" classname="org.hyperskill.tests.stopwatch.Stage5UnitTest" time="0.022"/>
  <testcase name="test03_CheckCountdownTimerNotRunningOnPermissionDenied" classname="org.hyperskill.tests.stopwatch.Stage5UnitTest" time="0.02"/>
  <testcase name="test04_CheckNotificationIsNotSentBeforeTimeLimit" classname="org.hyperskill.tests.stopwatch.Stage5UnitTest" time="0.043"/>
  <testcase name="test05_CheckNotificationIsNotSentWithTimeLimitSetToZero" classname="org.hyperskill.tests.stopwatch.Stage5UnitTest" time="0.047"/>
  <testcase name="test06_CheckNotificationIsNotSentWithTimeLimitSetToNegative" classname="org.hyperskill.tests.stopwatch.Stage5UnitTest" time="0.057"/>
  <testcase name="test07_CheckNotificationIsNotSentClickingResetBeforeTimeExceeded" classname="org.hyperskill.tests.stopwatch.Stage5UnitTest" time="0.041"/>
  <testcase name="test08_CheckNotificationIsSentOnTimeLimitExceeded" classname="org.hyperskill.tests.stopwatch.Stage5UnitTest" time="0.042"/>
  <system-out><![CDATA[]]></system-out>
  <system-err><![CDATA[]]></system-err>
</testsuite>
