<?xml version="1.0" encoding="UTF-8"?>
<testsuite name="org.hyperskill.tests.stopwatch.Stage2UnitTest" tests="8" skipped="0" failures="0" errors="0" timestamp="2026-08-14T08:26:28" hostname="Andress-MacBook-Air.local" time="2.407">
  <properties/>
  <testcase name="checkDisplayOneMinuteInsteadOf60Seconds" classname="org.hyperskill.tests.stopwatch.Stage2UnitTest" time="2.139"/>
  <testcase name="checkCountOneSecondAfterOneSecondOnStartButtonClick" classname="org.hyperskill.tests.stopwatch.Stage2UnitTest" time="0.041"/>
  <testcase name="checkStopTimerAndResetCountOnResetButtonClick" classname="org.hyperskill.tests.stopwatch.Stage2UnitTest" time="0.045"/>
  <testcase name="checkTakeOneSecondToCountOneSecondOnStartButtonClick" classname="org.hyperskill.tests.stopwatch.Stage2UnitTest" time="0.04"/>
  <testcase name="checkContinueCountOnPressingStartButtonAgain" classname="org.hyperskill.tests.stopwatch.Stage2UnitTest" time="0.034"/>
  <testcase name="checkIgnorePressingResetButtonAgain" classname="org.hyperskill.tests.stopwatch.Stage2UnitTest" time="0.03"/>
  <testcase name="checkCheckTimerInitialValue" classname="org.hyperskill.tests.stopwatch.Stage2UnitTest" time="0.029"/>
  <testcase name="checkMinuteIsNotEarly" classname="org.hyperskill.tests.stopwatch.Stage2UnitTest" time="0.048"/>
  <system-out><![CDATA[]]></system-out>
  <system-err><![CDATA[]]></system-err>
</testsuite>
